<?xml version="1.0" encoding="UTF-8"?>
<!-- Generated by org.testng.reporters.JUnitReportReporter -->
<testsuite skipped="0" hostname="PRIYANKA" name="TestNG.Parallel1" tests="2" failures="0" timestamp="06 Feb 2021 18:43:28 GMT" time="35.827" errors="0">
  <testcase name="TC1" time="16.054" classname="TestNG.Parallel1"/>
  <testcase name="TC2" time="19.773" classname="TestNG.Parallel1"/>
</testsuite> <!-- TestNG.Parallel1 -->
