<?xml version="1.0" encoding="UTF-8"?>
<!-- Generated by org.testng.reporters.JUnitReportReporter -->
<testsuite skipped="0" hostname="PRIYANKA" name="TestNG.DemoReadDataProvider" tests="3" failures="0" timestamp="04 Feb 2021 17:56:01 GMT" time="0.018" errors="0">
  <testcase name="tc" time="0.002" classname="TestNG.DemoReadDataProvider"/>
  <testcase name="tc" time="0.005" classname="TestNG.DemoReadDataProvider"/>
  <testcase name="tc" time="0.011" classname="TestNG.DemoReadDataProvider"/>
</testsuite> <!-- TestNG.DemoReadDataProvider -->
