<?xml version="1.0" encoding="UTF-8"?>
<!-- Generated by org.testng.reporters.JUnitReportReporter -->
<testsuite skipped="0" hostname="PRIYANKA" name="TestNG.DemoDataProvider" tests="3" failures="0" timestamp="04 Feb 2021 17:25:12 GMT" time="0.030" errors="0">
  <testcase name="tc" time="0.025" classname="TestNG.DemoDataProvider"/>
  <testcase name="tc" time="0.003" classname="TestNG.DemoDataProvider"/>
  <testcase name="tc" time="0.002" classname="TestNG.DemoDataProvider"/>
</testsuite> <!-- TestNG.DemoDataProvider -->
