<?xml version="1.0" encoding="UTF-8"?>
<!-- Generated by org.testng.reporters.JUnitReportReporter -->
<testsuite skipped="0" hostname="PRIYANKA" name="TestNG.Parallel2" tests="1" failures="0" timestamp="06 Feb 2021 18:43:28 GMT" time="16.402" errors="0">
  <testcase name="TC2" time="16.402" classname="TestNG.Parallel2"/>
</testsuite> <!-- TestNG.Parallel2 -->
