<?xml version="1.0" encoding="UTF-8"?>
<!-- Generated by org.testng.reporters.JUnitReportReporter -->
<testsuite skipped="0" hostname="PRIYANKA" name="TestNG.Demo2" tests="4" failures="0" timestamp="03 Feb 2021 15:11:18 GMT" time="0.042" errors="0">
  <testcase name="tc2" time="0.010" classname="TestNG.Demo2"/>
  <testcase name="tc1" time="0.013" classname="TestNG.Demo2"/>
  <testcase name="tc4" time="0.008" classname="TestNG.Demo2"/>
  <testcase name="tc3" time="0.011" classname="TestNG.Demo2"/>
</testsuite> <!-- TestNG.Demo2 -->
