<?xml version="1.0" encoding="UTF-8"?>
<!-- Generated by org.testng.reporters.JUnitReportReporter -->
<testsuite skipped="0" hostname="PRIYANKA" name="TestNG.Demo" tests="2" failures="0" timestamp="02 Feb 2021 17:55:49 GMT" time="33.134" errors="0">
  <testcase name="tc_2" time="16.894" classname="TestNG.Demo"/>
  <testcase name="tc_1" time="16.240" classname="TestNG.Demo"/>
</testsuite> <!-- TestNG.Demo -->
