<?xml version="1.0" encoding="UTF-8"?>
<!-- Generated by org.testng.reporters.JUnitReportReporter -->
<testsuite skipped="0" hostname="PRIYANKA" name="TestNG.AssertDemo" tests="1" failures="0" timestamp="05 Feb 2021 18:26:58 GMT" time="0.027" errors="0">
  <testcase name="tc" time="0.027" classname="TestNG.AssertDemo"/>
</testsuite> <!-- TestNG.AssertDemo -->
